<?xml version="1.0" encoding="UTF-8"?>
<!-- Generated by org.testng.reporters.JUnitXMLReporter -->
<testsuite ignored="0" hostname="LAPTOP-3FKK9Q1I" failures="1" tests="3" name="Error Validation Test" time="92.029" errors="0" timestamp="08 Jun 2024 14:13:21 GMT">
  <testcase classname="MakeUpKartcart.com.SeleniumDeignsFramework.Tests.ErrorValidationTest" name="loginErrorValidation" time="1.685">
    <skipped/>
  </testcase> <!-- loginErrorValidation -->
  <testcase classname="MakeUpKartcart.com.SeleniumDeignsFramework.Tests.ErrorValidationTest" name="loginErrorValidation" time="1.17">
    <failure type="java.lang.AssertionError" message="expected [Incorrect email or password.] but found [Incorrect email  password.]">
      <![CDATA[java.lang.AssertionError: expected [Incorrect email or password.] but found [Incorrect email  password.]
at MakeUpKartcart.com.SeleniumDeignsFramework.Tests.ErrorValidationTest.loginErrorValidation(ErrorValidationTest.java:32)
at java.base/java.util.concurrent.FutureTask.run(FutureTask.java:264)
at java.base/java.util.concurrent.ThreadPoolExecutor.runWorker(ThreadPoolExecutor.java:1136)
at java.base/java.util.concurrent.ThreadPoolExecutor$Worker.run(ThreadPoolExecutor.java:635)
at java.base/java.lang.Thread.run(Thread.java:840)
... Removed 22 stack frames]]>
    </failure>
  </testcase> <!-- loginErrorValidation -->
  <testcase classname="MakeUpKartcart.com.SeleniumDeignsFramework.Tests.ErrorValidationTest" name="productErrorValidation" time="15.972"/>
</testsuite> <!-- Error Validation Test -->
