<?xml version="1.0" encoding="UTF-8"?>
<!-- Generated by org.testng.reporters.JUnitXMLReporter -->
<testsuite ignored="0" hostname="LAPTOP-3FKK9Q1I" failures="1" tests="3" name="Error Validation Test" time="62.438" errors="0" timestamp="11 Jun 2024 08:02:53 GMT">
  <testcase classname="MakeUpKartcart.com.SeleniumDeignsFramework.Tests.ErrorValidationTest" name="loginErrorValidation" time="0.726">
    <skipped/>
  </testcase> <!-- loginErrorValidation -->
  <testcase classname="MakeUpKartcart.com.SeleniumDeignsFramework.Tests.ErrorValidationTest" name="loginErrorValidation" time="0.735">
    <failure type="java.lang.AssertionError" message="expected [Incorrect email or password.] but found [Incorrect email password.]">
      <![CDATA[java.lang.AssertionError: expected [Incorrect email or password.] but found [Incorrect email password.]
at MakeUpKartcart.com.SeleniumDeignsFramework.Tests.ErrorValidationTest.loginErrorValidation(ErrorValidationTest.java:52)
at java.base/java.util.concurrent.FutureTask.run(FutureTask.java:317)
at java.base/java.util.concurrent.ThreadPoolExecutor.runWorker(ThreadPoolExecutor.java:1144)
at java.base/java.util.concurrent.ThreadPoolExecutor$Worker.run(ThreadPoolExecutor.java:642)
at java.base/java.lang.Thread.run(Thread.java:1583)
... Removed 20 stack frames]]>
    </failure>
  </testcase> <!-- loginErrorValidation -->
  <testcase classname="MakeUpKartcart.com.SeleniumDeignsFramework.Tests.ErrorValidationTest" name="productErrorValidation" time="14.571"/>
</testsuite> <!-- Error Validation Test -->
