<!DOCTYPE html PUBLIC "-//W3C//DTD XHTML 1.1//EN" "http://www.w3.org/TR/xhtml11/DTD/xhtml11.dtd">
<html xmlns="http://www.w3.org/1999/xhtml">
<head>
<meta http-equiv="content-type" content="text/html; charset=UTF-8"/>
<title>TestNG Report</title>
<style type="text/css">table {margin-bottom:10px;border-collapse:collapse;empty-cells:show}th,td {border:1px solid #009;padding:.25em .5em}th {vertical-align:bottom}td {vertical-align:top}table a {font-weight:bold}.stripe td {background-color: #E6EBF9}.num {text-align:right}.passedodd td {background-color: #3F3}.passedeven td {background-color: #0A0}.skippedodd td {background-color: #DDD}.skippedeven td {background-color: #CCC}.failedodd td,.attn {background-color: #F33}.failedeven td,.stripe .attn {background-color: #D00}.stacktrace {white-space:pre;font-family:monospace}.totop {font-size:85%;text-align:center;border-bottom:2px solid #000}.invisible {display:none}</style>
</head>
<body>
<table>
<tr><th>Test</th><th># Passed</th><th># Skipped</th><th># Failed</th><th>Time (ms)</th><th>Included Groups</th><th>Excluded Groups</th></tr>
<tr><th colspan="7">Suite</th></tr>
<tr><td><a href="#t0">App Test</a></td><td class="num">1</td><td class="num">0</td><td class="num">0</td><td class="num">94</td><td></td><td></td></tr>
<tr class="stripe"><td><a href="#t1">Error Validation Test</a></td><td class="num">1</td><td class="num attn">1</td><td class="num attn">1</td><td class="num">62,438</td><td></td><td></td></tr>
<tr><td><a href="#t2">Submit Order Test</a></td><td class="num">1</td><td class="num attn">1</td><td class="num attn">1</td><td class="num">63,644</td><td></td><td></td></tr>
<tr><th>Total</th><th class="num">3</th><th class="num attn">2</th><th class="num attn">2</th><th class="num">126,176</th><th colspan="2"></th></tr>
</table>
<table id='summary'><thead><tr><th>Class</th><th>Method</th><th>Start</th><th>Time (ms)</th></tr></thead><tbody><tr><th colspan="4">Suite</th></tr></tbody><tbody id="t0"><tr><th colspan="4">App Test &#8212; passed</th></tr><tr class="passedeven"><td rowspan="1">MakeUpKartcart.com.SeleniumDeignsFramework.Tests.AppTest</td><td><a href="#m0">shouldAnswerWithTrue</a></td><td rowspan="1">1718092911430</td><td rowspan="1">50</td></tr></tbody>
<tbody id="t1"><tr><th colspan="4">Error Validation Test &#8212; failed</th></tr><tr class="failedeven"><td rowspan="1">MakeUpKartcart.com.SeleniumDeignsFramework.Tests.ErrorValidationTest</td><td><a href="#m1">loginErrorValidation</a></td><td rowspan="1">1718092941072</td><td rowspan="1">735</td></tr><tr><th colspan="4">Error Validation Test &#8212; skipped</th></tr><tr class="skippedeven"><td rowspan="1">MakeUpKartcart.com.SeleniumDeignsFramework.Tests.ErrorValidationTest</td><td><a href="#m2">loginErrorValidation</a></td><td rowspan="1">1718092922962</td><td rowspan="1">726</td></tr><tr><th colspan="4">Error Validation Test &#8212; passed</th></tr><tr class="passedeven"><td rowspan="1">MakeUpKartcart.com.SeleniumDeignsFramework.Tests.ErrorValidationTest</td><td><a href="#m3">productErrorValidation</a></td><td rowspan="1">1718092959272</td><td rowspan="1">14571</td></tr></tbody>
<tbody id="t2"><tr><th colspan="4">Submit Order Test &#8212; failed</th></tr><tr class="failedeven"><td rowspan="1">MakeUpKartcart.com.SeleniumDeignsFramework.Tests.SubmitOrderTest</td><td><a href="#m4">submitOrders</a></td><td rowspan="1">1718092956722</td><td rowspan="1">18096</td></tr><tr><th colspan="4">Submit Order Test &#8212; skipped</th></tr><tr class="skippedeven"><td rowspan="1">MakeUpKartcart.com.SeleniumDeignsFramework.Tests.SubmitOrderTest</td><td><a href="#m5">dependencyOrderHistory</a></td><td rowspan="1">1718092975049</td><td rowspan="1">0</td></tr><tr><th colspan="4">Submit Order Test &#8212; passed</th></tr><tr class="passedeven"><td rowspan="1">MakeUpKartcart.com.SeleniumDeignsFramework.Tests.SubmitOrderTest</td><td><a href="#m6">submitOrders</a></td><td rowspan="1">1718092926698</td><td rowspan="1">17213</td></tr></tbody>
</table>
<h2>App Test</h2><h3 id="m0">MakeUpKartcart.com.SeleniumDeignsFramework.Tests.AppTest#shouldAnswerWithTrue</h3><table class="result"><tr><th class="invisible"/></tr></table><p class="totop"><a href="#summary">back to summary</a></p>
<h2>Error Validation Test</h2><h3 id="m1">MakeUpKartcart.com.SeleniumDeignsFramework.Tests.ErrorValidationTest#loginErrorValidation</h3><table class="result"><tr><th>Exception</th></tr><tr><td><div class="stacktrace">java.lang.AssertionError: expected [Incorrect email or password.] but found [Incorrect email password.]
	at MakeUpKartcart.com.SeleniumDeignsFramework.Tests.ErrorValidationTest.loginErrorValidation(ErrorValidationTest.java:52)
	at java.base/java.util.concurrent.FutureTask.run(FutureTask.java:317)
	at java.base/java.util.concurrent.ThreadPoolExecutor.runWorker(ThreadPoolExecutor.java:1144)
	at java.base/java.util.concurrent.ThreadPoolExecutor$Worker.run(ThreadPoolExecutor.java:642)
	at java.base/java.lang.Thread.run(Thread.java:1583)
... Removed 20 stack frames</div></td></tr></table><p class="totop"><a href="#summary">back to summary</a></p>
<h3 id="m2">MakeUpKartcart.com.SeleniumDeignsFramework.Tests.ErrorValidationTest#loginErrorValidation</h3><table class="result"><tr><th>Exception</th></tr><tr><td><div class="stacktrace">java.lang.AssertionError: expected [Incorrect email or password.] but found [Incorrect email password.]
	at MakeUpKartcart.com.SeleniumDeignsFramework.Tests.ErrorValidationTest.loginErrorValidation(ErrorValidationTest.java:52)
	at java.base/java.util.concurrent.FutureTask.run(FutureTask.java:317)
	at java.base/java.util.concurrent.ThreadPoolExecutor.runWorker(ThreadPoolExecutor.java:1144)
	at java.base/java.util.concurrent.ThreadPoolExecutor$Worker.run(ThreadPoolExecutor.java:642)
	at java.base/java.lang.Thread.run(Thread.java:1583)
... Removed 20 stack frames</div></td></tr></table><p class="totop"><a href="#summary">back to summary</a></p>
<h3 id="m3">MakeUpKartcart.com.SeleniumDeignsFramework.Tests.ErrorValidationTest#productErrorValidation</h3><table class="result"><tr><th class="invisible"/></tr></table><p class="totop"><a href="#summary">back to summary</a></p>
<h2>Submit Order Test</h2><h3 id="m4">MakeUpKartcart.com.SeleniumDeignsFramework.Tests.SubmitOrderTest#submitOrders</h3><table class="result"><tr class="param"><th>Parameter #1</th></tr><tr class="param stripe"><td>{productname=IPHONE 13 PRO, password=9480QWERTYaz, email=MaheshKamath@outlook.com}</td></tr><tr><th>Exception</th></tr><tr><td><div class="stacktrace">org.openqa.selenium.ElementClickInterceptedException: element click intercepted: Element is not clickable at point (1173, 742)
  (Session info: chrome=125.0.6422.142)
Build info: version: &apos;4.21.0&apos;, revision: &apos;79ed462ef4&apos;
System info: os.name: &apos;Windows 10&apos;, os.arch: &apos;amd64&apos;, os.version: &apos;10.0&apos;, java.version: &apos;21.0.2&apos;
Driver info: org.openqa.selenium.chrome.ChromeDriver
Command: [23340d21d1a3bbf298f9eda8222dd57d, clickElement {id=f.9259F4A9B4A0CEE7C76B97CAEA87B11D.d.25BE16A50892FE611B29E5843EFB6D3B.e.117}]
Capabilities {acceptInsecureCerts: false, browserName: chrome, browserVersion: 125.0.6422.142, chrome: {chromedriverVersion: 125.0.6422.141 (4b1e8393712..., userDataDir: C:\Users\hp\AppData\Local\T...}, fedcm:accounts: true, goog:chromeOptions: {debuggerAddress: localhost:8189}, networkConnectionEnabled: false, pageLoadStrategy: normal, platformName: windows, proxy: Proxy(), se:cdp: ws://localhost:8189/devtool..., se:cdpVersion: 125.0.6422.142, setWindowRect: true, strictFileInteractability: false, timeouts: {implicit: 0, pageLoad: 300000, script: 30000}, unhandledPromptBehavior: dismiss and notify, webauthn:extension:credBlob: true, webauthn:extension:largeBlob: true, webauthn:extension:minPinLength: true, webauthn:extension:prf: true, webauthn:virtualAuthenticators: true}
Element: [[ChromeDriver: chrome on windows (23340d21d1a3bbf298f9eda8222dd57d)] -&gt; css selector: .totalRow button]
Session ID: 23340d21d1a3bbf298f9eda8222dd57d
	at org.openqa.selenium.remote.ErrorCodec.decode(ErrorCodec.java:167)
	at org.openqa.selenium.remote.codec.w3c.W3CHttpResponseCodec.decode(W3CHttpResponseCodec.java:138)
	at org.openqa.selenium.remote.codec.w3c.W3CHttpResponseCodec.decode(W3CHttpResponseCodec.java:50)
	at org.openqa.selenium.remote.HttpCommandExecutor.execute(HttpCommandExecutor.java:190)
	at org.openqa.selenium.remote.service.DriverCommandExecutor.invokeExecute(DriverCommandExecutor.java:216)
	at org.openqa.selenium.remote.service.DriverCommandExecutor.execute(DriverCommandExecutor.java:174)
	at org.openqa.selenium.remote.RemoteWebDriver.execute(RemoteWebDriver.java:518)
	at org.openqa.selenium.remote.RemoteWebElement.execute(RemoteWebElement.java:223)
	at org.openqa.selenium.remote.RemoteWebElement.click(RemoteWebElement.java:76)
	at org.openqa.selenium.support.pagefactory.internal.LocatingElementHandler.invoke(LocatingElementHandler.java:51)
	at jdk.proxy2/jdk.proxy2.$Proxy12.click(Unknown Source)
	at MakeUpKartcart.com.pageobject.CartPage.goToCheckOut(CartPage.java:40)
	at MakeUpKartcart.com.SeleniumDeignsFramework.Tests.SubmitOrderTest.submitOrders(SubmitOrderTest.java:45)
	at java.base/java.util.concurrent.FutureTask.run(FutureTask.java:317)
	at java.base/java.util.concurrent.ThreadPoolExecutor.runWorker(ThreadPoolExecutor.java:1144)
	at java.base/java.util.concurrent.ThreadPoolExecutor$Worker.run(ThreadPoolExecutor.java:642)
	at java.base/java.lang.Thread.run(Thread.java:1583)
... Removed 19 stack frames</div></td></tr></table><p class="totop"><a href="#summary">back to summary</a></p>
<h3 id="m5">MakeUpKartcart.com.SeleniumDeignsFramework.Tests.SubmitOrderTest#dependencyOrderHistory</h3><table class="result"><tr><th>Exception</th></tr><tr><td><div class="stacktrace">java.lang.Throwable: Method SubmitOrderTest.dependencyOrderHistory()[pri:0, instance:MakeUpKartcart.com.SeleniumDeignsFramework.Tests.SubmitOrderTest@740d2e78] depends on not successfully finished methods
	at java.base/java.util.concurrent.FutureTask.run(FutureTask.java:317)
	at java.base/java.util.concurrent.ThreadPoolExecutor.runWorker(ThreadPoolExecutor.java:1144)
	at java.base/java.util.concurrent.ThreadPoolExecutor$Worker.run(ThreadPoolExecutor.java:642)
	at java.base/java.lang.Thread.run(Thread.java:1583)
... Removed 9 stack frames</div></td></tr></table><p class="totop"><a href="#summary">back to summary</a></p>
<h3 id="m6">MakeUpKartcart.com.SeleniumDeignsFramework.Tests.SubmitOrderTest#submitOrders</h3><table class="result"><tr class="param"><th>Parameter #1</th></tr><tr class="param stripe"><td>{productname=ADIDAS ORIGINAL, password=9480QWERTYaz, email=sureshreaddy@gmail.com}</td></tr></table><p class="totop"><a href="#summary">back to summary</a></p>
</body>
</html>
