<?xml version="1.0" encoding="UTF-8"?>
<testng-results ignored="0" total="7" passed="3" failed="2" skipped="2">
  <reporter-output>
  </reporter-output>
  <suite started-at="2024-06-11T08:01:51Z" name="Suite" finished-at="2024-06-11T08:02:55Z" duration-ms="63644">
    <groups>
      <group name="ErrorHandling">
        <method signature="ErrorValidationTest.loginErrorValidation()[pri:0, instance:MakeUpKartcart.com.SeleniumDeignsFramework.Tests.ErrorValidationTest@344f4dea]" name="loginErrorValidation" class="MakeUpKartcart.com.SeleniumDeignsFramework.Tests.ErrorValidationTest"/>
        <method signature="ErrorValidationTest.productErrorValidation()[pri:0, instance:MakeUpKartcart.com.SeleniumDeignsFramework.Tests.ErrorValidationTest@344f4dea]" name="productErrorValidation" class="MakeUpKartcart.com.SeleniumDeignsFramework.Tests.ErrorValidationTest"/>
      </group> <!-- ErrorHandling -->
      <group name="PurchaseOrder">
        <method signature="SubmitOrderTest.submitOrders(java.util.HashMap)[pri:0, instance:MakeUpKartcart.com.SeleniumDeignsFramework.Tests.SubmitOrderTest@740d2e78]" name="submitOrders" class="MakeUpKartcart.com.SeleniumDeignsFramework.Tests.SubmitOrderTest"/>
      </group> <!-- PurchaseOrder -->
    </groups>
    <test started-at="2024-06-11T08:01:51Z" name="App Test" finished-at="2024-06-11T08:01:51Z" duration-ms="94">
      <class name="MakeUpKartcart.com.SeleniumDeignsFramework.Tests.AppTest">
        <test-method signature="shouldAnswerWithTrue()[pri:0, instance:MakeUpKartcart.com.SeleniumDeignsFramework.Tests.AppTest@6c0d9d86]" started-at="2024-06-11T08:01:51Z" name="shouldAnswerWithTrue" finished-at="2024-06-11T08:01:51Z" duration-ms="50" status="PASS">
          <reporter-output>
          </reporter-output>
        </test-method> <!-- shouldAnswerWithTrue -->
      </class> <!-- MakeUpKartcart.com.SeleniumDeignsFramework.Tests.AppTest -->
    </test> <!-- App Test -->
    <test started-at="2024-06-11T08:01:51Z" name="Error Validation Test" finished-at="2024-06-11T08:02:53Z" duration-ms="62438">
      <class name="MakeUpKartcart.com.SeleniumDeignsFramework.Tests.ErrorValidationTest">
        <test-method is-config="true" signature="launchWebApplication()[pri:0, instance:MakeUpKartcart.com.SeleniumDeignsFramework.Tests.ErrorValidationTest@344f4dea]" started-at="2024-06-11T08:01:51Z" name="launchWebApplication" finished-at="2024-06-11T08:02:02Z" duration-ms="11533" status="PASS">
          <reporter-output>
          </reporter-output>
        </test-method> <!-- launchWebApplication -->
        <test-method signature="loginErrorValidation()[pri:0, instance:MakeUpKartcart.com.SeleniumDeignsFramework.Tests.ErrorValidationTest@344f4dea]" started-at="2024-06-11T08:02:02Z" name="loginErrorValidation" finished-at="2024-06-11T08:02:03Z" duration-ms="726" status="SKIP">
          <exception class="java.lang.AssertionError">
            <message>
              <![CDATA[expected [Incorrect email or password.] but found [Incorrect email password.]]]>
            </message>
            <full-stacktrace>
              <![CDATA[java.lang.AssertionError: expected [Incorrect email or password.] but found [Incorrect email password.]
at org.testng.Assert.fail(Assert.java:96)
at org.testng.Assert.failNotEquals(Assert.java:776)
at org.testng.Assert.assertEqualsImpl(Assert.java:137)
at org.testng.Assert.assertEquals(Assert.java:118)
at org.testng.Assert.assertEquals(Assert.java:453)
at org.testng.Assert.assertEquals(Assert.java:463)
at MakeUpKartcart.com.SeleniumDeignsFramework.Tests.ErrorValidationTest.loginErrorValidation(ErrorValidationTest.java:52)
at java.base/jdk.internal.reflect.DirectMethodHandleAccessor.invoke(DirectMethodHandleAccessor.java:103)
at java.base/java.lang.reflect.Method.invoke(Method.java:580)
at org.testng.internal.MethodInvocationHelper.invokeMethod(MethodInvocationHelper.java:124)
at org.testng.internal.Invoker.invokeMethod(Invoker.java:583)
at org.testng.internal.Invoker.invokeTestMethod(Invoker.java:719)
at org.testng.internal.Invoker.invokeTestMethods(Invoker.java:989)
at org.testng.internal.TestMethodWorker.invokeTestMethods(TestMethodWorker.java:125)
at org.testng.internal.TestMethodWorker.run(TestMethodWorker.java:109)
at org.testng.TestRunner.privateRun(TestRunner.java:648)
at org.testng.TestRunner.run(TestRunner.java:505)
at org.testng.SuiteRunner.runTest(SuiteRunner.java:455)
at org.testng.SuiteRunner.access$000(SuiteRunner.java:40)
at org.testng.SuiteRunner$SuiteWorker.run(SuiteRunner.java:489)
at org.testng.internal.thread.ThreadUtil$1.call(ThreadUtil.java:52)
at java.base/java.util.concurrent.FutureTask.run(FutureTask.java:317)
at java.base/java.util.concurrent.ThreadPoolExecutor.runWorker(ThreadPoolExecutor.java:1144)
at java.base/java.util.concurrent.ThreadPoolExecutor$Worker.run(ThreadPoolExecutor.java:642)
at java.base/java.lang.Thread.run(Thread.java:1583)
]]>
            </full-stacktrace>
          </exception> <!-- java.lang.AssertionError -->
          <reporter-output>
          </reporter-output>
        </test-method> <!-- loginErrorValidation -->
        <test-method is-config="true" signature="launchWebApplication()[pri:0, instance:MakeUpKartcart.com.SeleniumDeignsFramework.Tests.ErrorValidationTest@344f4dea]" started-at="2024-06-11T08:02:03Z" name="launchWebApplication" finished-at="2024-06-11T08:02:21Z" duration-ms="17382" status="PASS">
          <reporter-output>
          </reporter-output>
        </test-method> <!-- launchWebApplication -->
        <test-method signature="loginErrorValidation()[pri:0, instance:MakeUpKartcart.com.SeleniumDeignsFramework.Tests.ErrorValidationTest@344f4dea]" started-at="2024-06-11T08:02:21Z" name="loginErrorValidation" finished-at="2024-06-11T08:02:21Z" duration-ms="735" status="FAIL">
          <exception class="java.lang.AssertionError">
            <message>
              <![CDATA[expected [Incorrect email or password.] but found [Incorrect email password.]]]>
            </message>
            <full-stacktrace>
              <![CDATA[java.lang.AssertionError: expected [Incorrect email or password.] but found [Incorrect email password.]
at org.testng.Assert.fail(Assert.java:96)
at org.testng.Assert.failNotEquals(Assert.java:776)
at org.testng.Assert.assertEqualsImpl(Assert.java:137)
at org.testng.Assert.assertEquals(Assert.java:118)
at org.testng.Assert.assertEquals(Assert.java:453)
at org.testng.Assert.assertEquals(Assert.java:463)
at MakeUpKartcart.com.SeleniumDeignsFramework.Tests.ErrorValidationTest.loginErrorValidation(ErrorValidationTest.java:52)
at java.base/jdk.internal.reflect.DirectMethodHandleAccessor.invoke(DirectMethodHandleAccessor.java:103)
at java.base/java.lang.reflect.Method.invoke(Method.java:580)
at org.testng.internal.MethodInvocationHelper.invokeMethod(MethodInvocationHelper.java:124)
at org.testng.internal.Invoker.invokeMethod(Invoker.java:583)
at org.testng.internal.Invoker.retryFailed(Invoker.java:839)
at org.testng.internal.Invoker.invokeTestMethods(Invoker.java:1010)
at org.testng.internal.TestMethodWorker.invokeTestMethods(TestMethodWorker.java:125)
at org.testng.internal.TestMethodWorker.run(TestMethodWorker.java:109)
at org.testng.TestRunner.privateRun(TestRunner.java:648)
at org.testng.TestRunner.run(TestRunner.java:505)
at org.testng.SuiteRunner.runTest(SuiteRunner.java:455)
at org.testng.SuiteRunner.access$000(SuiteRunner.java:40)
at org.testng.SuiteRunner$SuiteWorker.run(SuiteRunner.java:489)
at org.testng.internal.thread.ThreadUtil$1.call(ThreadUtil.java:52)
at java.base/java.util.concurrent.FutureTask.run(FutureTask.java:317)
at java.base/java.util.concurrent.ThreadPoolExecutor.runWorker(ThreadPoolExecutor.java:1144)
at java.base/java.util.concurrent.ThreadPoolExecutor$Worker.run(ThreadPoolExecutor.java:642)
at java.base/java.lang.Thread.run(Thread.java:1583)
]]>
            </full-stacktrace>
          </exception> <!-- java.lang.AssertionError -->
          <reporter-output>
          </reporter-output>
        </test-method> <!-- loginErrorValidation -->
        <test-method is-config="true" signature="launchWebApplication()[pri:0, instance:MakeUpKartcart.com.SeleniumDeignsFramework.Tests.ErrorValidationTest@344f4dea]" started-at="2024-06-11T08:02:22Z" name="launchWebApplication" finished-at="2024-06-11T08:02:39Z" duration-ms="16535" status="PASS">
          <reporter-output>
          </reporter-output>
        </test-method> <!-- launchWebApplication -->
        <test-method signature="productErrorValidation()[pri:0, instance:MakeUpKartcart.com.SeleniumDeignsFramework.Tests.ErrorValidationTest@344f4dea]" started-at="2024-06-11T08:02:39Z" name="productErrorValidation" finished-at="2024-06-11T08:02:53Z" duration-ms="14571" status="PASS">
          <reporter-output>
          </reporter-output>
        </test-method> <!-- productErrorValidation -->
      </class> <!-- MakeUpKartcart.com.SeleniumDeignsFramework.Tests.ErrorValidationTest -->
    </test> <!-- Error Validation Test -->
    <test started-at="2024-06-11T08:01:51Z" name="Submit Order Test" finished-at="2024-06-11T08:02:55Z" duration-ms="63644">
      <class name="MakeUpKartcart.com.SeleniumDeignsFramework.Tests.SubmitOrderTest">
        <test-method is-config="true" signature="launchWebApplication()[pri:0, instance:MakeUpKartcart.com.SeleniumDeignsFramework.Tests.SubmitOrderTest@740d2e78]" started-at="2024-06-11T08:01:52Z" name="launchWebApplication" finished-at="2024-06-11T08:02:06Z" duration-ms="14547" status="PASS">
          <reporter-output>
          </reporter-output>
        </test-method> <!-- launchWebApplication -->
        <test-method signature="submitOrders(java.util.HashMap)[pri:0, instance:MakeUpKartcart.com.SeleniumDeignsFramework.Tests.SubmitOrderTest@740d2e78]" started-at="2024-06-11T08:02:06Z" name="submitOrders" data-provider="getData" finished-at="2024-06-11T08:02:23Z" duration-ms="17213" status="PASS">
          <params>
            <param index="0">
              <value>
                <![CDATA[{productname=ADIDAS ORIGINAL, password=9480QWERTYaz, email=sureshreaddy@gmail.com}]]>
              </value>
            </param>
          </params>
          <reporter-output>
          </reporter-output>
        </test-method> <!-- submitOrders -->
        <test-method is-config="true" signature="launchWebApplication()[pri:0, instance:MakeUpKartcart.com.SeleniumDeignsFramework.Tests.SubmitOrderTest@740d2e78]" started-at="2024-06-11T08:02:23Z" name="launchWebApplication" finished-at="2024-06-11T08:02:36Z" duration-ms="12809" status="PASS">
          <reporter-output>
          </reporter-output>
        </test-method> <!-- launchWebApplication -->
        <test-method signature="submitOrders(java.util.HashMap)[pri:0, instance:MakeUpKartcart.com.SeleniumDeignsFramework.Tests.SubmitOrderTest@740d2e78]" started-at="2024-06-11T08:02:36Z" name="submitOrders" data-provider="getData" finished-at="2024-06-11T08:02:54Z" duration-ms="18096" status="FAIL">
          <params>
            <param index="0">
              <value>
                <![CDATA[{productname=IPHONE 13 PRO, password=9480QWERTYaz, email=MaheshKamath@outlook.com}]]>
              </value>
            </param>
          </params>
          <exception class="org.openqa.selenium.ElementClickInterceptedException">
            <message>
              <![CDATA[element click intercepted: Element is not clickable at point (1173, 742)
  (Session info: chrome=125.0.6422.142)
Build info: version: '4.21.0', revision: '79ed462ef4'
System info: os.name: 'Windows 10', os.arch: 'amd64', os.version: '10.0', java.version: '21.0.2'
Driver info: org.openqa.selenium.chrome.ChromeDriver
Command: [23340d21d1a3bbf298f9eda8222dd57d, clickElement {id=f.9259F4A9B4A0CEE7C76B97CAEA87B11D.d.25BE16A50892FE611B29E5843EFB6D3B.e.117}]
Capabilities {acceptInsecureCerts: false, browserName: chrome, browserVersion: 125.0.6422.142, chrome: {chromedriverVersion: 125.0.6422.141 (4b1e8393712..., userDataDir: C:\Users\hp\AppData\Local\T...}, fedcm:accounts: true, goog:chromeOptions: {debuggerAddress: localhost:8189}, networkConnectionEnabled: false, pageLoadStrategy: normal, platformName: windows, proxy: Proxy(), se:cdp: ws://localhost:8189/devtool..., se:cdpVersion: 125.0.6422.142, setWindowRect: true, strictFileInteractability: false, timeouts: {implicit: 0, pageLoad: 300000, script: 30000}, unhandledPromptBehavior: dismiss and notify, webauthn:extension:credBlob: true, webauthn:extension:largeBlob: true, webauthn:extension:minPinLength: true, webauthn:extension:prf: true, webauthn:virtualAuthenticators: true}
Element: [[ChromeDriver: chrome on windows (23340d21d1a3bbf298f9eda8222dd57d)] -> css selector: .totalRow button]
Session ID: 23340d21d1a3bbf298f9eda8222dd57d]]>
            </message>
            <full-stacktrace>
              <![CDATA[org.openqa.selenium.ElementClickInterceptedException: element click intercepted: Element is not clickable at point (1173, 742)
  (Session info: chrome=125.0.6422.142)
Build info: version: '4.21.0', revision: '79ed462ef4'
System info: os.name: 'Windows 10', os.arch: 'amd64', os.version: '10.0', java.version: '21.0.2'
Driver info: org.openqa.selenium.chrome.ChromeDriver
Command: [23340d21d1a3bbf298f9eda8222dd57d, clickElement {id=f.9259F4A9B4A0CEE7C76B97CAEA87B11D.d.25BE16A50892FE611B29E5843EFB6D3B.e.117}]
Capabilities {acceptInsecureCerts: false, browserName: chrome, browserVersion: 125.0.6422.142, chrome: {chromedriverVersion: 125.0.6422.141 (4b1e8393712..., userDataDir: C:\Users\hp\AppData\Local\T...}, fedcm:accounts: true, goog:chromeOptions: {debuggerAddress: localhost:8189}, networkConnectionEnabled: false, pageLoadStrategy: normal, platformName: windows, proxy: Proxy(), se:cdp: ws://localhost:8189/devtool..., se:cdpVersion: 125.0.6422.142, setWindowRect: true, strictFileInteractability: false, timeouts: {implicit: 0, pageLoad: 300000, script: 30000}, unhandledPromptBehavior: dismiss and notify, webauthn:extension:credBlob: true, webauthn:extension:largeBlob: true, webauthn:extension:minPinLength: true, webauthn:extension:prf: true, webauthn:virtualAuthenticators: true}
Element: [[ChromeDriver: chrome on windows (23340d21d1a3bbf298f9eda8222dd57d)] -> css selector: .totalRow button]
Session ID: 23340d21d1a3bbf298f9eda8222dd57d
at java.base/jdk.internal.reflect.DirectConstructorHandleAccessor.newInstance(DirectConstructorHandleAccessor.java:62)
at java.base/java.lang.reflect.Constructor.newInstanceWithCaller(Constructor.java:502)
at java.base/java.lang.reflect.Constructor.newInstance(Constructor.java:486)
at org.openqa.selenium.remote.ErrorCodec.decode(ErrorCodec.java:167)
at org.openqa.selenium.remote.codec.w3c.W3CHttpResponseCodec.decode(W3CHttpResponseCodec.java:138)
at org.openqa.selenium.remote.codec.w3c.W3CHttpResponseCodec.decode(W3CHttpResponseCodec.java:50)
at org.openqa.selenium.remote.HttpCommandExecutor.execute(HttpCommandExecutor.java:190)
at org.openqa.selenium.remote.service.DriverCommandExecutor.invokeExecute(DriverCommandExecutor.java:216)
at org.openqa.selenium.remote.service.DriverCommandExecutor.execute(DriverCommandExecutor.java:174)
at org.openqa.selenium.remote.RemoteWebDriver.execute(RemoteWebDriver.java:518)
at org.openqa.selenium.remote.RemoteWebElement.execute(RemoteWebElement.java:223)
at org.openqa.selenium.remote.RemoteWebElement.click(RemoteWebElement.java:76)
at java.base/jdk.internal.reflect.DirectMethodHandleAccessor.invoke(DirectMethodHandleAccessor.java:103)
at java.base/java.lang.reflect.Method.invoke(Method.java:580)
at org.openqa.selenium.support.pagefactory.internal.LocatingElementHandler.invoke(LocatingElementHandler.java:51)
at jdk.proxy2/jdk.proxy2.$Proxy12.click(Unknown Source)
at MakeUpKartcart.com.pageobject.CartPage.goToCheckOut(CartPage.java:40)
at MakeUpKartcart.com.SeleniumDeignsFramework.Tests.SubmitOrderTest.submitOrders(SubmitOrderTest.java:45)
at java.base/jdk.internal.reflect.DirectMethodHandleAccessor.invoke(DirectMethodHandleAccessor.java:103)
at java.base/java.lang.reflect.Method.invoke(Method.java:580)
at org.testng.internal.MethodInvocationHelper.invokeMethod(MethodInvocationHelper.java:124)
at org.testng.internal.Invoker.invokeMethod(Invoker.java:583)
at org.testng.internal.Invoker.invokeTestMethod(Invoker.java:719)
at org.testng.internal.Invoker.invokeTestMethods(Invoker.java:989)
at org.testng.internal.TestMethodWorker.invokeTestMethods(TestMethodWorker.java:125)
at org.testng.internal.TestMethodWorker.run(TestMethodWorker.java:109)
at org.testng.TestRunner.privateRun(TestRunner.java:648)
at org.testng.TestRunner.run(TestRunner.java:505)
at org.testng.SuiteRunner.runTest(SuiteRunner.java:455)
at org.testng.SuiteRunner.access$000(SuiteRunner.java:40)
at org.testng.SuiteRunner$SuiteWorker.run(SuiteRunner.java:489)
at org.testng.internal.thread.ThreadUtil$1.call(ThreadUtil.java:52)
at java.base/java.util.concurrent.FutureTask.run(FutureTask.java:317)
at java.base/java.util.concurrent.ThreadPoolExecutor.runWorker(ThreadPoolExecutor.java:1144)
at java.base/java.util.concurrent.ThreadPoolExecutor$Worker.run(ThreadPoolExecutor.java:642)
at java.base/java.lang.Thread.run(Thread.java:1583)
]]>
            </full-stacktrace>
          </exception> <!-- org.openqa.selenium.ElementClickInterceptedException -->
          <reporter-output>
          </reporter-output>
        </test-method> <!-- submitOrders -->
        <test-method signature="dependencyOrderHistory()[pri:0, instance:MakeUpKartcart.com.SeleniumDeignsFramework.Tests.SubmitOrderTest@740d2e78]" started-at="2024-06-11T08:02:55Z" name="dependencyOrderHistory" finished-at="2024-06-11T08:02:55Z" depends-on-methods="MakeUpKartcart.com.SeleniumDeignsFramework.Tests.SubmitOrderTest.submitOrders" duration-ms="0" status="SKIP">
          <exception class="java.lang.Throwable">
            <message>
              <![CDATA[Method SubmitOrderTest.dependencyOrderHistory()[pri:0, instance:MakeUpKartcart.com.SeleniumDeignsFramework.Tests.SubmitOrderTest@740d2e78] depends on not successfully finished methods]]>
            </message>
            <full-stacktrace>
              <![CDATA[java.lang.Throwable: Method SubmitOrderTest.dependencyOrderHistory()[pri:0, instance:MakeUpKartcart.com.SeleniumDeignsFramework.Tests.SubmitOrderTest@740d2e78] depends on not successfully finished methods
at org.testng.internal.Invoker.invokeTestMethods(Invoker.java:888)
at org.testng.internal.TestMethodWorker.invokeTestMethods(TestMethodWorker.java:125)
at org.testng.internal.TestMethodWorker.run(TestMethodWorker.java:109)
at org.testng.TestRunner.privateRun(TestRunner.java:648)
at org.testng.TestRunner.run(TestRunner.java:505)
at org.testng.SuiteRunner.runTest(SuiteRunner.java:455)
at org.testng.SuiteRunner.access$000(SuiteRunner.java:40)
at org.testng.SuiteRunner$SuiteWorker.run(SuiteRunner.java:489)
at org.testng.internal.thread.ThreadUtil$1.call(ThreadUtil.java:52)
at java.base/java.util.concurrent.FutureTask.run(FutureTask.java:317)
at java.base/java.util.concurrent.ThreadPoolExecutor.runWorker(ThreadPoolExecutor.java:1144)
at java.base/java.util.concurrent.ThreadPoolExecutor$Worker.run(ThreadPoolExecutor.java:642)
at java.base/java.lang.Thread.run(Thread.java:1583)
]]>
            </full-stacktrace>
          </exception> <!-- java.lang.Throwable -->
          <reporter-output>
          </reporter-output>
        </test-method> <!-- dependencyOrderHistory -->
      </class> <!-- MakeUpKartcart.com.SeleniumDeignsFramework.Tests.SubmitOrderTest -->
    </test> <!-- Submit Order Test -->
  </suite> <!-- Suite -->
</testng-results>
